[debug] [2025-09-16T03:25:11.939Z] ----------------------------------------------------------------------
[debug] [2025-09-16T03:25:11.941Z] Command:       /Users/stephenseifert/.nvm/versions/node/v16.13.2/bin/node /Users/stephenseifert/.nvm/versions/node/v16.13.2/bin/firebase init
[debug] [2025-09-16T03:25:11.942Z] CLI Version:   11.29.0
[debug] [2025-09-16T03:25:11.942Z] Platform:      darwin
[debug] [2025-09-16T03:25:11.942Z] Node Version:  v16.13.2
[debug] [2025-09-16T03:25:11.943Z] Time:          Mon Sep 15 2025 20:25:11 GMT-0700 (Pacific Daylight Time)
[debug] [2025-09-16T03:25:11.943Z] ----------------------------------------------------------------------
[debug] 
[debug] [2025-09-16T03:25:11.949Z] > command requires scopes: ["email","openid","https://www.googleapis.com/auth/cloudplatformprojects.readonly","https://www.googleapis.com/auth/firebase","https://www.googleapis.com/auth/cloud-platform"]
[debug] [2025-09-16T03:25:11.950Z] > authorizing via signed-in user (slseifert1986@gmail.com)
[info] 
     ######## #### ########  ######## ########     ###     ######  ########
     ##        ##  ##     ## ##       ##     ##  ##   ##  ##       ##
     ######    ##  ########  ######   ########  #########  ######  ######
     ##        ##  ##    ##  ##       ##     ## ##     ##       ## ##
     ##       #### ##     ## ######## ########  ##     ##  ######  ########

You're about to initialize a Firebase project in this directory:

  /Users/stephenseifert/Desktop/NucampFolder/WebDev/1-HTML-CSS-JavaScript/coffeeshop

[info] 
=== Project Setup
[info] 
[info] First, let's associate this project directory with a Firebase project.
[info] You can create multiple project aliases by running firebase use --add, 
[info] but for now we'll just set up a default project.
[info] 
[info] i  If you want to create a project in a Google Cloud organization or folder, please use "firebase projects:create" instead, and return to this command when you've created the project. 
[debug] [2025-09-16T03:28:40.089Z] >>> [apiv2][query] POST https://cloudresourcemanager.googleapis.com/v1/projects [none]
[debug] [2025-09-16T03:28:40.089Z] >>> [apiv2][body] POST https://cloudresourcemanager.googleapis.com/v1/projects {"projectId":"coffeeshop2025","name":"coffeeshop2025"}
[debug] [2025-09-16T03:28:40.514Z] <<< [apiv2][status] POST https://cloudresourcemanager.googleapis.com/v1/projects 409
[debug] [2025-09-16T03:28:40.515Z] <<< [apiv2][body] POST https://cloudresourcemanager.googleapis.com/v1/projects {"error":{"code":409,"message":"Requested entity already exists","status":"ALREADY_EXISTS"}}
[debug] [2025-09-16T03:28:40.700Z] FirebaseError: HTTP Error: 409, Requested entity already exists
    at responseToError (/Users/stephenseifert/.nvm/versions/node/v16.13.2/lib/node_modules/firebase-tools/lib/responseToError.js:49:12)
    at RetryOperation._fn (/Users/stephenseifert/.nvm/versions/node/v16.13.2/lib/node_modules/firebase-tools/lib/apiv2.js:288:77)
    at processTicksAndRejections (node:internal/process/task_queues:96:5)
[error] 
[error] Error: Failed to create project because there is already a project with ID coffeeshop2025. Please try again with a unique project ID.
